\BOOKMARK [1][-]{section.1}{\376\377\000概\000要}{}% 1
\BOOKMARK [1][-]{section.2}{\376\377\000実\000行\000結\000果}{}% 2
\BOOKMARK [1][-]{section.3}{\376\377\000コ\000ー\000ド\000内\000容}{}% 3
\BOOKMARK [2][-]{subsection.3.1}{\376\377\000ヘ\000ッ\000ダ\000ー\000フ\000ァ\000イ\000ル}{section.3}% 4
\BOOKMARK [2][-]{subsection.3.2}{\376\377\000グ\000ロ\000ー\000バ\000ル\000変\000数}{section.3}% 5
\BOOKMARK [2][-]{subsection.3.3}{\376\377\000関\000数}{section.3}% 6
\BOOKMARK [3][-]{subsubsection.3.3.1}{\376\377\000関\000数\000一\000覧}{subsection.3.3}% 7
\BOOKMARK [3][-]{subsubsection.3.3.2}{\376\377\000c\000r\000o\000s\000s\000\050\000\051}{subsection.3.3}% 8
\BOOKMARK [3][-]{subsubsection.3.3.3}{\376\377\000d\000o\000t\000\050\000\051}{subsection.3.3}% 9
\BOOKMARK [3][-]{subsubsection.3.3.4}{\376\377\000n\000o\000r\000m\000a\000l\000i\000z\000e\000\050\000\051}{subsection.3.3}% 10
\BOOKMARK [3][-]{subsubsection.3.3.5}{\376\377\000p\000e\000r\000s\000p\000e\000c\000t\000i\000v\000e\000M\000a\000t\000r\000i\000x\000\050\000\051}{subsection.3.3}% 11
\BOOKMARK [3][-]{subsubsection.3.3.6}{\376\377\000l\000o\000o\000k\000A\000t\000M\000a\000t\000r\000i\000x\000\050\000\051}{subsection.3.3}% 12
\BOOKMARK [3][-]{subsubsection.3.3.7}{\376\377\000d\000r\000a\000w\000T\000e\000x\000t\000u\000r\000e\000d\000S\000p\000h\000e\000r\000e\000\050\000\051}{subsection.3.3}% 13
\BOOKMARK [3][-]{subsubsection.3.3.8}{\376\377\000f\000a\000d\000e\000\050\000\051\000,\000\040\000l\000i\000n\000e\000a\000r\000I\000n\000t\000e\000r\000p\000o\000l\000a\000t\000e\000\050\000\051\000,\000\040\000g\000r\000a\000d\000\050\000\051}{subsection.3.3}% 14
\BOOKMARK [3][-]{subsubsection.3.3.9}{\376\377\000i\000n\000i\000t\000P\000e\000r\000l\000i\000n\000N\000o\000i\000s\000e\000\050\000\051}{subsection.3.3}% 15
\BOOKMARK [3][-]{subsubsection.3.3.10}{\376\377\000p\000e\000r\000l\000i\000n\000N\000o\000i\000s\000e\000\050\000\051}{subsection.3.3}% 16
\BOOKMARK [3][-]{subsubsection.3.3.11}{\376\377\000c\000a\000l\000c\000u\000l\000a\000t\000e\000M\000o\000d\000e\000l\000B\000B\000o\000x\000\050\000\051}{subsection.3.3}% 17
\BOOKMARK [3][-]{subsubsection.3.3.12}{\376\377\000l\000o\000a\000d\000O\000b\000j\000M\000o\000d\000e\000l\000\050\000\051}{subsection.3.3}% 18
\BOOKMARK [3][-]{subsubsection.3.3.13}{\376\377\000d\000r\000a\000w\000O\000b\000j\000M\000o\000d\000e\000l\000\050\000\051}{subsection.3.3}% 19
\BOOKMARK [3][-]{subsubsection.3.3.14}{\376\377\000l\000o\000a\000d\000T\000e\000x\000t\000u\000r\000e\000\050\000\051}{subsection.3.3}% 20
\BOOKMARK [3][-]{subsubsection.3.3.15}{\376\377\000r\000e\000n\000d\000e\000r\000B\000i\000t\000m\000a\000p\000S\000t\000r\000i\000n\000g\000\050\000\051}{subsection.3.3}% 21
\BOOKMARK [3][-]{subsubsection.3.3.16}{\376\377\000d\000r\000a\000w\000H\000U\000D\000\050\000\051}{subsection.3.3}% 22
\BOOKMARK [3][-]{subsubsection.3.3.17}{\376\377\000d\000r\000a\000w\000G\000r\000o\000u\000n\000d\000\050\000\051}{subsection.3.3}% 23
\BOOKMARK [3][-]{subsubsection.3.3.18}{\376\377\000d\000r\000a\000w\000W\000a\000l\000l\000s\000\050\000\051}{subsection.3.3}% 24
\BOOKMARK [3][-]{subsubsection.3.3.19}{\376\377\000d\000r\000a\000w\000T\000r\000e\000e\000\050\000\051}{subsection.3.3}% 25
\BOOKMARK [3][-]{subsubsection.3.3.20}{\376\377\000d\000r\000a\000w\000R\000o\000c\000k\000\050\000\051}{subsection.3.3}% 26
\BOOKMARK [3][-]{subsubsection.3.3.21}{\376\377\000d\000r\000a\000w\000C\000y\000l\000i\000n\000d\000e\000r\000\050\000\051}{subsection.3.3}% 27
\BOOKMARK [3][-]{subsubsection.3.3.22}{\376\377\000d\000r\000a\000w\000F\000a\000l\000l\000i\000n\000g\000L\000e\000a\000v\000e\000s\000\050\000\051}{subsection.3.3}% 28
\BOOKMARK [3][-]{subsubsection.3.3.23}{\376\377\000d\000r\000a\000w\000C\000o\000l\000l\000i\000d\000e\000r\000s\000\050\000\051}{subsection.3.3}% 29
\BOOKMARK [3][-]{subsubsection.3.3.24}{\376\377\000s\000e\000t\000u\000p\000C\000o\000l\000l\000i\000d\000e\000r\000s\000\050\000\051}{subsection.3.3}% 30
\BOOKMARK [3][-]{subsubsection.3.3.25}{\376\377\000s\000e\000t\000u\000p\000P\000a\000l\000l\000e\000t\000s\000\050\000\051}{subsection.3.3}% 31
\BOOKMARK [3][-]{subsubsection.3.3.26}{\376\377\000u\000p\000d\000a\000t\000e\000P\000a\000l\000l\000e\000t\000s\000\050\000\051}{subsection.3.3}% 32
\BOOKMARK [3][-]{subsubsection.3.3.27}{\376\377\000s\000p\000a\000w\000n\000L\000e\000a\000f\000\050\000\051}{subsection.3.3}% 33
\BOOKMARK [3][-]{subsubsection.3.3.28}{\376\377\000u\000p\000d\000a\000t\000e\000F\000a\000l\000l\000i\000n\000g\000L\000e\000a\000v\000e\000s\000\050\000\051}{subsection.3.3}% 34
\BOOKMARK [3][-]{subsubsection.3.3.29}{\376\377\000c\000h\000e\000c\000k\000A\000A\000B\000B\000C\000o\000l\000l\000i\000s\000i\000o\000n\000\050\000\051}{subsection.3.3}% 35
\BOOKMARK [3][-]{subsubsection.3.3.30}{\376\377\000c\000h\000e\000c\000k\000O\000B\000B\000C\000o\000l\000l\000i\000s\000i\000o\000n\000\050\000\051}{subsection.3.3}% 36
\BOOKMARK [3][-]{subsubsection.3.3.31}{\376\377\000d\000i\000s\000p\000l\000a\000y\000\050\000\051}{subsection.3.3}% 37
\BOOKMARK [3][-]{subsubsection.3.3.32}{\376\377\000u\000p\000d\000a\000t\000e\000\050\000\051}{subsection.3.3}% 38
\BOOKMARK [3][-]{subsubsection.3.3.33}{\376\377\000k\000e\000y\000b\000o\000a\000r\000d\000\050\000\051}{subsection.3.3}% 39
\BOOKMARK [3][-]{subsubsection.3.3.34}{\376\377\000k\000e\000y\000b\000o\000a\000r\000d\000U\000p\000\050\000\051}{subsection.3.3}% 40
\BOOKMARK [3][-]{subsubsection.3.3.35}{\376\377\000m\000o\000u\000s\000e\000M\000o\000t\000i\000o\000n\000\050\000\051}{subsection.3.3}% 41
\BOOKMARK [3][-]{subsubsection.3.3.36}{\376\377\000r\000e\000s\000h\000a\000p\000e\000\050\000\051}{subsection.3.3}% 42
\BOOKMARK [3][-]{subsubsection.3.3.37}{\376\377\000e\000n\000t\000r\000y\000\050\000\051}{subsection.3.3}% 43
\BOOKMARK [3][-]{subsubsection.3.3.38}{\376\377\000i\000n\000i\000t\000S\000c\000e\000n\000e\000\050\000\051}{subsection.3.3}% 44
\BOOKMARK [3][-]{subsubsection.3.3.39}{\376\377\000m\000a\000i\000n\000\050\000\051}{subsection.3.3}% 45
\BOOKMARK [1][-]{section.4}{\376\377\000工\000夫\000し\000た\000点}{}% 46
\BOOKMARK [2][-]{subsection.4.1}{\376\377\000O\000p\000e\000n\000C\000V\000を\000用\000い\000た\000テ\000ク\000ス\000チ\000ャ\000読\000み\000込\000み\000。}{section.4}% 47
\BOOKMARK [2][-]{subsection.4.2}{\376\377\000t\000i\000n\000y\000o\000b\000j\000l\000o\000a\000d\000e\000r\000を\000用\000い\000た\000o\000b\000j\000フ\000ァ\000イ\000ル\000の\000読\000み\000込\000み}{section.4}% 48
\BOOKMARK [2][-]{subsection.4.3}{\376\377\000キ\000ー\000入\000力}{section.4}% 49
\BOOKMARK [3][-]{subsubsection.4.3.1}{\376\377\000継\000続\000的\000な\000入\000力\000\050\000移\000動\000\051}{subsection.4.3}% 50
\BOOKMARK [3][-]{subsubsection.4.3.2}{\376\377\000単\000発\000的\000な\000入\000力}{subsection.4.3}% 51
\BOOKMARK [2][-]{subsection.4.4}{\376\377\000板}{section.4}% 52
\BOOKMARK [2][-]{subsection.4.5}{\376\377\000落\000ち\000葉\000が\000落\000ち\000る\000木}{section.4}% 53
\BOOKMARK [2][-]{subsection.4.6}{\376\377\000当\000た\000り\000判\000定}{section.4}% 54
\BOOKMARK [3][-]{subsubsection.4.6.1}{\376\377\000A\000A\000B\000B}{subsection.4.6}% 55
\BOOKMARK [3][-]{subsubsection.4.6.2}{\376\377\000O\000B\000B}{subsection.4.6}% 56
\BOOKMARK [3][-]{subsubsection.4.6.3}{\376\377\000比\000較}{subsection.4.6}% 57
\BOOKMARK [1][-]{section.5}{\376\377\000考\000察}{}% 58
\BOOKMARK [2][-]{subsection.5.1}{\376\377\000O\000p\000e\000n\000G\000L}{section.5}% 59
\BOOKMARK [2][-]{subsection.5.2}{\376\377\000当\000た\000り\000判\000定}{section.5}% 60
\BOOKMARK [3][-]{subsubsection.5.2.1}{\376\377\000境\000界\000球}{subsection.5.2}% 61
\BOOKMARK [3][-]{subsubsection.5.2.2}{\376\377\000メ\000ッ\000シ\000ュ\000コ\000リ\000ジ\000ョ\000ン}{subsection.5.2}% 62
\BOOKMARK [3][-]{subsubsection.5.2.3}{\376\377\000可\000視\000化\000と\000開\000発\000効\000率}{subsection.5.2}% 63
